C51 COMPILER V9.54   _4TO_4                                                                08/06/2022 12:54:45 PAGE 1   


C51 COMPILER V9.54, COMPILATION OF MODULE _4TO_4
OBJECT MODULE PLACED IN .\Objects\-4TO+4.obj
COMPILER INVOKED BY: C:\Keil_v5\C51\BIN\C51.EXE -4TO+4.c OPTIMIZE(8,SPEED) BROWSE DEBUG OBJECTEXTEND PRINT(.\Listings\-4
                    -TO+4.lst) TABS(2) OBJECT(.\Objects\-4TO+4.obj)

line level    source

   1          //Send the value  -4 to +4 TO PORT 3 with some delay
   2          #include<reg51.h>
   3          
   4          void delay ()
   5          {
   6   1        unsigned int x;
   7   1        for(x = 0; x< 50000;x++);
   8   1      }
   9          void main()
  10          {
  11   1        while(1)
  12   1        {
  13   2          signed int i;
  14   2          for(i = -4;i< 5;i++)
  15   2          {
  16   3            P3 = i;
  17   3            delay();
  18   3          }
  19   2        }
  20   1      }


MODULE INFORMATION:   STATIC OVERLAYABLE
   CODE SIZE        =     59    ----
   CONSTANT SIZE    =   ----    ----
   XDATA SIZE       =   ----    ----
   PDATA SIZE       =   ----    ----
   DATA SIZE        =   ----       2
   IDATA SIZE       =   ----    ----
   BIT SIZE         =   ----    ----
END OF MODULE INFORMATION.


C51 COMPILATION COMPLETE.  0 WARNING(S),  0 ERROR(S)
