C51 COMPILER V9.54   1_5SEC_DELAY_TIMER                                                    08/09/2022 12:32:49 PAGE 1   


C51 COMPILER V9.54, COMPILATION OF MODULE 1_5SEC_DELAY_TIMER
OBJECT MODULE PLACED IN .\Objects\1.5Sec_delay_Timer.obj
COMPILER INVOKED BY: C:\Keil_v5\C51\BIN\C51.EXE 1.5Sec_delay_Timer.c OPTIMIZE(8,SPEED) BROWSE DEBUG OBJECTEXTEND PRINT(.
                    -\Listings\1.5Sec_delay_Timer.lst) TABS(2) OBJECT(.\Objects\1.5Sec_delay_Timer.obj)

line level    source

   1          //1.5 sec delay
   2          #include<reg51.h>
   3          unsigned int x;
   4          void delay()
   5          {
   6   1        for(x=0;x<21;x++)
   7   1        {
   8   2        TMOD = 0x10 ; 
   9   2        TH1 = 0 ;
  10   2        TL1 = 0;
  11   2        TR1 = 1;
  12   2        while( TF1 == 0);
  13   2        TR1 = 0;
  14   2        TF1 = 0;
  15   2        }
  16   1      }
  17          void main()
  18          {
  19   1        while(1)
  20   1        {
  21   2        P1 = ~P1 ;
  22   2        delay();
  23   2        }
  24   1      }


MODULE INFORMATION:   STATIC OVERLAYABLE
   CODE SIZE        =     45    ----
   CONSTANT SIZE    =   ----    ----
   XDATA SIZE       =   ----    ----
   PDATA SIZE       =   ----    ----
   DATA SIZE        =      2    ----
   IDATA SIZE       =   ----    ----
   BIT SIZE         =   ----    ----
END OF MODULE INFORMATION.


C51 COMPILATION COMPLETE.  0 WARNING(S),  0 ERROR(S)
