C51 COMPILER V9.54   71MS_DELAY_TIMER                                                      08/09/2022 12:06:29 PAGE 1   


C51 COMPILER V9.54, COMPILATION OF MODULE 71MS_DELAY_TIMER
OBJECT MODULE PLACED IN .\Objects\71ms_delay_Timer.obj
COMPILER INVOKED BY: C:\Keil_v5\C51\BIN\C51.EXE 71ms_delay_Timer.c OPTIMIZE(8,SPEED) BROWSE DEBUG OBJECTEXTEND PRINT(.\L
                    -istings\71ms_delay_Timer.lst) TABS(2) OBJECT(.\Objects\71ms_delay_Timer.obj)

line level    source

   1          //71 msec delay
   2          #include<reg51.h>
   3          unsigned int x;
   4          void delay()
   5          {
   6   1        TMOD = 0x01 ; 
   7   1        TH0 = 0 ;
   8   1        TL0 = 0;
   9   1        TR0 = 1;
  10   1        while( TF0 == 0);
  11   1        TR0 = 0;
  12   1        TF0 = 0;
  13   1      }
  14          void main()
  15          {
  16   1        while(1)
  17   1        {
  18   2        P1 = ~P1 ;
  19   2        delay();
  20   2        }
  21   1      }


MODULE INFORMATION:   STATIC OVERLAYABLE
   CODE SIZE        =     26    ----
   CONSTANT SIZE    =   ----    ----
   XDATA SIZE       =   ----    ----
   PDATA SIZE       =   ----    ----
   DATA SIZE        =      2    ----
   IDATA SIZE       =   ----    ----
   BIT SIZE         =   ----    ----
END OF MODULE INFORMATION.


C51 COMPILATION COMPLETE.  0 WARNING(S),  0 ERROR(S)
