C51 COMPILER V9.54   7SEG_CC                                                               08/13/2022 12:26:24 PAGE 1   


C51 COMPILER V9.54, COMPILATION OF MODULE 7SEG_CC
OBJECT MODULE PLACED IN .\Objects\7seg_CC.obj
COMPILER INVOKED BY: C:\Keil_v5\C51\BIN\C51.EXE 7seg_CC.c OPTIMIZE(8,SPEED) BROWSE DEBUG OBJECTEXTEND PRINT(.\Listings\7
                    -seg_CC.lst) TABS(2) OBJECT(.\Objects\7seg_CC.obj)

line level    source

   1          //Display 0 to F using 7 segment common cathode with  1 second delay
   2          #include<reg51.h>
   3          unsigned int a,x;
   4          unsigned char Data[] = {0xFD,0x61,0xDB,0XF3,0X67,0XB7,0XBF,0XE1,0XFF,0XF7,0XEF,0X3F,0X9D,0X7B,0X9F,0X8F};
   5          void delay()
   6          {
   7   1        for(x =0;x <14;x++)
   8   1        {
   9   2          TMOD = 0x01;
  10   2          TH0 = 0;
  11   2          TL0 = 0;
  12   2          TR0 =1;
  13   2          while(TF0 == 0);
  14   2          TF0 = 0;
  15   2          TR0 = 0;
  16   2        }
  17   1      }
  18          void main()
  19          {
  20   1        while(1)
  21   1        {
  22   2          for (a = 0;a < sizeof Data;a++)
  23   2          {
  24   3            P2 = Data[a];
  25   3            delay();
  26   3          }
  27   2        }
  28   1      }


MODULE INFORMATION:   STATIC OVERLAYABLE
   CODE SIZE        =     72    ----
   CONSTANT SIZE    =   ----    ----
   XDATA SIZE       =   ----    ----
   PDATA SIZE       =   ----    ----
   DATA SIZE        =     20    ----
   IDATA SIZE       =   ----    ----
   BIT SIZE         =   ----    ----
END OF MODULE INFORMATION.


C51 COMPILATION COMPLETE.  0 WARNING(S),  0 ERROR(S)
