C51 COMPILER V9.54   ADDSUB                                                                08/06/2022 11:55:44 PAGE 1   


C51 COMPILER V9.54, COMPILATION OF MODULE ADDSUB
OBJECT MODULE PLACED IN .\Objects\AddSub.obj
COMPILER INVOKED BY: C:\Keil_v5\C51\BIN\C51.EXE AddSub.c OPTIMIZE(8,SPEED) BROWSE DEBUG OBJECTEXTEND PRINT(.\Listings\Ad
                    -dSub.lst) TABS(2) OBJECT(.\Objects\AddSub.obj)

line level    source

   1          #include<reg51.h>
   2          sbit a= P1^3;
   3          void main()
   4          {
   5   1        if(a == 1)
   6   1        {
   7   2        P0 = P2+P3;
   8   2        }
   9   1        else 
  10   1        {
  11   2        P0 = P2-P3;
  12   2        }
  13   1      }


MODULE INFORMATION:   STATIC OVERLAYABLE
   CODE SIZE        =     18    ----
   CONSTANT SIZE    =   ----    ----
   XDATA SIZE       =   ----    ----
   PDATA SIZE       =   ----    ----
   DATA SIZE        =   ----    ----
   IDATA SIZE       =   ----    ----
   BIT SIZE         =   ----    ----
END OF MODULE INFORMATION.


C51 COMPILATION COMPLETE.  0 WARNING(S),  0 ERROR(S)
