C51 COMPILER V9.54   ASM                                                                   08/17/2022 11:36:38 PAGE 1   


C51 COMPILER V9.54, COMPILATION OF MODULE ASM
OBJECT MODULE PLACED IN .\Objects\ASM.obj
COMPILER INVOKED BY: C:\Keil_v5\C51\BIN\C51.EXE ASM.c OPTIMIZE(8,SPEED) BROWSE DEBUG OBJECTEXTEND PRINT(.\Listings\ASM.l
                    -st) TABS(2) OBJECT(.\Objects\ASM.obj)

line level    source

   1          /*Recieve a character,
   2          if 'A' add the values of P1 and P2
   3          if 'S' substract the values of P1 and P2
   4          if 'M' Multiply the values of P1 and P2
   5          Show the result in P0.
   6          If any other key is pressed Transmit "INVALID KEY PRESSED"*/
   7          #include<reg51.h>
   8          char a[] = "Sorry,INVALID KEY PRESSED";
   9          int x;
  10          char c;
  11          void main()
  12          {
  13   1        SCON = 0x50;
  14   1        TMOD = 0x20;
  15   1        TH1 = 0xFD;
  16   1        TR1 = 1;
  17   1          while(RI == 0);
  18   1          c = SBUF;
  19   1          RI = 0;
  20   1        if(c == 'A')
  21   1        {
  22   2          P0 = P1+ P2;
  23   2        }
  24   1        else if(c == 'S')
  25   1        {
  26   2          P0 = P1-P2;
  27   2        }
  28   1        else if(c == 'M')
  29   1        {
  30   2          P0 = P1*P2;
  31   2        }
  32   1        else
  33   1        {
  34   2          for(x = 0;x < sizeof(a);x++)
  35   2        {
  36   3          SBUF = a[x];
  37   3          while(TI == 0);
  38   3          TI = 0;
  39   3        }
  40   2      }
  41   1      }


MODULE INFORMATION:   STATIC OVERLAYABLE
   CODE SIZE        =     91    ----
   CONSTANT SIZE    =   ----    ----
   XDATA SIZE       =   ----    ----
   PDATA SIZE       =   ----    ----
   DATA SIZE        =     29    ----
   IDATA SIZE       =   ----    ----
   BIT SIZE         =   ----    ----
END OF MODULE INFORMATION.


C51 COMPILATION COMPLETE.  0 WARNING(S),  0 ERROR(S)
