C51 COMPILER V9.54   BASICKEYPAD                                                           08/20/2022 16:24:58 PAGE 1   


C51 COMPILER V9.54, COMPILATION OF MODULE BASICKEYPAD
OBJECT MODULE PLACED IN .\Objects\BasicKeypad.obj
COMPILER INVOKED BY: C:\Keil_v5\C51\BIN\C51.EXE BasicKeypad.c OPTIMIZE(8,SPEED) BROWSE DEBUG OBJECTEXTEND PRINT(.\Listin
                    -gs\BasicKeypad.lst) TABS(2) OBJECT(.\Objects\BasicKeypad.obj)

line level    source

   1          //Matrix Keypad
   2          #include<reg51.h>
   3          unsigned int row[]={0xfe,0xfd,0xfb,0xf7};
   4          unsigned int col[]={0xef,0xdf,0xbf,0x7f};
   5          unsigned int key[] = {0x0A,9,8,7,0x0B,6,5,4,0x0C,3,2,1,0x0D,0x0E,0,0x0F};
   6          unsigned int a,b ,c;
   7          void main()
   8          {
   9   1        a =0;
  10   1        P2 = 0xf0;
  11   1        while(P2 == 0xf0);
  12   1        for(b=0;b<4;b++)
  13   1        {
  14   2          P2 = row[b];
  15   2          for(c=0;c<4;c++)
  16   2          {
  17   3            if((P2|0x0f)==col[c])
  18   3              P3 = key[a];
  19   3            else
  20   3              a=a+1;
  21   3          }
  22   2        }
  23   1      }


MODULE INFORMATION:   STATIC OVERLAYABLE
   CODE SIZE        =    108    ----
   CONSTANT SIZE    =   ----    ----
   XDATA SIZE       =   ----    ----
   PDATA SIZE       =   ----    ----
   DATA SIZE        =     54    ----
   IDATA SIZE       =   ----    ----
   BIT SIZE         =   ----    ----
END OF MODULE INFORMATION.


C51 COMPILATION COMPLETE.  0 WARNING(S),  0 ERROR(S)
