C51 COMPILER V9.54   DICLOCKTIMER                                                          08/13/2022 10:34:17 PAGE 1   


C51 COMPILER V9.54, COMPILATION OF MODULE DICLOCKTIMER
OBJECT MODULE PLACED IN .\Objects\DiClockTimer.obj
COMPILER INVOKED BY: C:\Keil_v5\C51\BIN\C51.EXE DiClockTimer.c OPTIMIZE(8,SPEED) BROWSE DEBUG OBJECTEXTEND PRINT(.\Listi
                    -ngs\DiClockTimer.lst) TABS(2) OBJECT(.\Objects\DiClockTimer.obj)

line level    source

   1          //Project :Digital Clock using Timer void delay()
   2          #include<reg51.h>
   3          unsigned int x;
   4          void delay()
   5          {
   6   1        for(x= 0;x<14;x++)
   7   1        {
   8   2        TMOD = 0x01;
   9   2        TH0 = 0;
  10   2        TL0 = 0;
  11   2        TR0 = 1;
  12   2        while(TF0 == 0);
  13   2        TF0 = 0;
  14   2        TR0 = 0;
  15   2        }
  16   1      }
  17          //int a[];
  18          int i,j,k ;
  19          void main()
  20          { 
  21   1          for(k= 0;k<24;k++)//Hour
  22   1            {
  23   2              P3 = k;
  24   2              for(j= 0;j<60;j++)//minute
  25   2                {
  26   3                  P2 = j ;
  27   3                  for(i= 0;i<60;i++)//second
  28   3                    {
  29   4                      P1 =i;
  30   4                      delay();
  31   4                    }
  32   3                }
  33   2            }
  34   1      }


MODULE INFORMATION:   STATIC OVERLAYABLE
   CODE SIZE        =    122    ----
   CONSTANT SIZE    =   ----    ----
   XDATA SIZE       =   ----    ----
   PDATA SIZE       =   ----    ----
   DATA SIZE        =      8    ----
   IDATA SIZE       =   ----    ----
   BIT SIZE         =   ----    ----
END OF MODULE INFORMATION.


C51 COMPILATION COMPLETE.  0 WARNING(S),  0 ERROR(S)
