C51 COMPILER V9.54   DICLOCKNORMAL                                                         08/12/2022 12:52:01 PAGE 1   


C51 COMPILER V9.54, COMPILATION OF MODULE DICLOCKNORMAL
OBJECT MODULE PLACED IN .\Objects\DiClockNormal.obj
COMPILER INVOKED BY: C:\Keil_v5\C51\BIN\C51.EXE DiClockNormal.c OPTIMIZE(8,SPEED) BROWSE DEBUG OBJECTEXTEND PRINT(.\List
                    -ings\DiClockNormal.lst) TABS(2) OBJECT(.\Objects\DiClockNormal.obj)

line level    source

   1          //Project :Digital Clock using Normal void delay()
   2          #include<reg51.h>
   3          unsigned int x,y,z;
   4          void delay()
   5          {
   6   1        for(x= 0;x<32790;x++);
   7   1      }
   8          //int a[];
   9          int i,j,k ;
  10          void main()
  11          { 
  12   1          for(k= 0;k<24;k++)//Hour
  13   1            {
  14   2              P3 = k;
  15   2              for(j= 0;j<60;j++)//minute
  16   2                {
  17   3                  P2 = j ;
  18   3                  for(i= 0;i<60;i++)//second
  19   3                    {
  20   4                      P1 =i;
  21   4                      delay();
  22   4                    }
  23   3                }
  24   2            }
  25   1      }


MODULE INFORMATION:   STATIC OVERLAYABLE
   CODE SIZE        =    120    ----
   CONSTANT SIZE    =   ----    ----
   XDATA SIZE       =   ----    ----
   PDATA SIZE       =   ----    ----
   DATA SIZE        =     12    ----
   IDATA SIZE       =   ----    ----
   BIT SIZE         =   ----    ----
END OF MODULE INFORMATION.


C51 COMPILATION COMPLETE.  0 WARNING(S),  0 ERROR(S)
