C51 COMPILER V9.54   DIFFERENT_DELAYS_TIMER                                                08/10/2022 10:52:56 PAGE 1   


C51 COMPILER V9.54, COMPILATION OF MODULE DIFFERENT_DELAYS_TIMER
OBJECT MODULE PLACED IN .\Objects\Different_delays_Timer.obj
COMPILER INVOKED BY: C:\Keil_v5\C51\BIN\C51.EXE Different_delays_Timer.c OPTIMIZE(8,SPEED) BROWSE DEBUG OBJECTEXTEND PRI
                    -NT(.\Listings\Different_delays_Timer.lst) TABS(2) OBJECT(.\Objects\Different_delays_Timer.obj)

line level    source

   1          // different delays
   2          #include<reg51.h>
   3          sbit a = P3^5;
   4          unsigned int x;
   5          void delay1()
   6          {
   7   1        for(x = 0;x<7;x++)
   8   1        {
   9   2        TMOD = 0x10 ; 
  10   2        TH1 = 0 ;
  11   2        TL1 = 0;
  12   2        TR1 = 1;
  13   2        while( TF1 == 0);
  14   2        TR1 = 0;
  15   2        TF1 = 0;
  16   2        }
  17   1      }
  18          void delay2()
  19          {
  20   1        TMOD = 0x10 ; 
  21   1        TH1 = 0x93 ;
  22   1        TL1 = 0xFF;
  23   1        TR1 = 1;
  24   1        while( TF1 == 0);
  25   1        TR1 = 0;
  26   1        TF1 = 0;
  27   1      }
  28          void main()
  29          {
  30   1        while(1)
  31   1        {
  32   2        a = 1;
  33   2        delay1();
  34   2        
  35   2      
  36   2        a = 0;
  37   2        delay2();
  38   2        }
  39   1        
  40   1      }


MODULE INFORMATION:   STATIC OVERLAYABLE
   CODE SIZE        =     68    ----
   CONSTANT SIZE    =   ----    ----
   XDATA SIZE       =   ----    ----
   PDATA SIZE       =   ----    ----
   DATA SIZE        =      2    ----
   IDATA SIZE       =   ----    ----
   BIT SIZE         =   ----    ----
END OF MODULE INFORMATION.


C51 COMPILATION COMPLETE.  0 WARNING(S),  0 ERROR(S)
