C51 COMPILER V9.54   DIGI_TEMP                                                             08/08/2022 11:24:42 PAGE 1   


C51 COMPILER V9.54, COMPILATION OF MODULE DIGI_TEMP
OBJECT MODULE PLACED IN .\Objects\Digi_Temp.obj
COMPILER INVOKED BY: C:\Keil_v5\C51\BIN\C51.EXE Digi_Temp.c OPTIMIZE(8,SPEED) BROWSE DEBUG OBJECTEXTEND PRINT(.\Listings
                    -\Digi_Temp.lst) TABS(2) OBJECT(.\Objects\Digi_Temp.obj)

line level    source

   1          //A digital temperature sensor is connected to port3 .if temp>50 ,display the temp. on P0,if temp.<50 ,dis
             -play on P1.
   2          #include<reg51.h>
   3           /*void delay()
   4           {
   5            unsighned int x;
   6            for(x= 0;x<35000; x++);
   7          }*/
   8          void main()
   9          {
  10   1        if(P3 > 50)
  11   1        {
  12   2          P0 = P3;
  13   2        }
  14   1        else if(P3 < 50)
  15   1        {
  16   2          P1 = P3;
  17   2        }
  18   1      
  19   1      }


MODULE INFORMATION:   STATIC OVERLAYABLE
   CODE SIZE        =     22    ----
   CONSTANT SIZE    =   ----    ----
   XDATA SIZE       =   ----    ----
   PDATA SIZE       =   ----    ----
   DATA SIZE        =   ----    ----
   IDATA SIZE       =   ----    ----
   BIT SIZE         =   ----    ----
END OF MODULE INFORMATION.


C51 COMPILATION COMPLETE.  0 WARNING(S),  0 ERROR(S)
