C51 COMPILER V9.54   HELLOGOODMORNING                                                      08/18/2022 15:58:05 PAGE 1   


C51 COMPILER V9.54, COMPILATION OF MODULE HELLOGOODMORNING
OBJECT MODULE PLACED IN .\Objects\HelloGoodMorning.obj
COMPILER INVOKED BY: C:\Keil_v5\C51\BIN\C51.EXE HelloGoodMorning.c OPTIMIZE(8,SPEED) BROWSE DEBUG OBJECTEXTEND PRINT(.\L
                    -istings\HelloGoodMorning.lst) TABS(2) OBJECT(.\Objects\HelloGoodMorning.obj)

line level    source

   1          //WAP to dislay "HELLO" in the !st row and "GOOD MORNING " in the 2nd row of a 16x2 LCD
   2          #include<reg51.h>
   3          sbit rs=P1^1;
   4          sbit rw=P1^2;
   5          sbit en=P1^3;
   6          unsigned char data1[]="HELLO";
   7          unsigned char data2[]="GOOD MORNING :)";
   8          unsigned int cmmd1[]={0x38,0x0E,0x01,0x06,0x80};
   9          unsigned int cmmd2[]={0x38,0x0E,0x01,0x06,0xC0};
  10          void delay()
  11          {
  12   1        unsigned int x;
  13   1        for(x=0;x<35000;x++);
  14   1      }
  15          void cmm()
  16          {
  17   1        rs = 0;
  18   1        rw = 0;
  19   1        en = 1;
  20   1        delay();
  21   1        en = 0;
  22   1      }
  23          void dat()
  24          {
  25   1        rs = 1;
  26   1        rw = 0;
  27   1        en = 1;
  28   1        delay();
  29   1        en = 0;
  30   1      }
  31          void main()
  32          {
  33   1        int a,b,c,d;
  34   1        while(1)
  35   1        {
  36   2          for(a=0;a<5;a++)
  37   2          {
  38   3            P2 = cmmd1[a];
  39   3            cmm();
  40   3          }
  41   2          for(b=0;b<5;b++)
  42   2          {
  43   3            P2 = data1[b];
  44   3            dat();
  45   3          }
  46   2          for(c=0;c<5;c++)
  47   2          {
  48   3            P2 = cmmd2[c];
  49   3            cmm();
  50   3          }
  51   2          for(d=0;d<15;d++)
  52   2          {
  53   3            P2 = data2[d];
  54   3            dat();
C51 COMPILER V9.54   HELLOGOODMORNING                                                      08/18/2022 15:58:05 PAGE 2   

  55   3          }
  56   2        }
  57   1      }


MODULE INFORMATION:   STATIC OVERLAYABLE
   CODE SIZE        =    203    ----
   CONSTANT SIZE    =   ----    ----
   XDATA SIZE       =   ----    ----
   PDATA SIZE       =   ----    ----
   DATA SIZE        =     42       8
   IDATA SIZE       =   ----    ----
   BIT SIZE         =   ----    ----
END OF MODULE INFORMATION.


C51 COMPILATION COMPLETE.  0 WARNING(S),  0 ERROR(S)
