C51 COMPILER V9.54   LCD_CTTC                                                              08/18/2022 15:34:35 PAGE 1   


C51 COMPILER V9.54, COMPILATION OF MODULE LCD_CTTC
OBJECT MODULE PLACED IN .\Objects\LCD_CTTC.obj
COMPILER INVOKED BY: C:\Keil_v5\C51\BIN\C51.EXE LCD_CTTC.c OPTIMIZE(8,SPEED) BROWSE DEBUG OBJECTEXTEND PRINT(.\Listings\
                    -LCD_CTTC.lst) TABS(2) OBJECT(.\Objects\LCD_CTTC.obj)

line level    source

   1          //LCD Display:Display CTTC
   2          #include<reg51.h>
   3          sbit rs=P1^1;
   4          sbit rw=P1^2;
   5          sbit en=P1^3;
   6          unsigned char data1[]="CTTC";
   7          unsigned int cmmd[]={0x38,0x0E,0x01,0x06,0x80};
   8          void delay()
   9          {
  10   1        unsigned int x;
  11   1        for(x=0;x<60000;x++);
  12   1      }
  13          void cmm()
  14          {
  15   1        rs = 0;
  16   1        rw = 0;
  17   1        en = 1;
  18   1        delay();
  19   1        en = 0;
  20   1      }
  21          void dat()
  22          {
  23   1        rs = 1;
  24   1        rw = 0;
  25   1        en = 1;
  26   1        delay();
  27   1        en = 0;
  28   1      }
  29          void main()
  30          {
  31   1        int a,b;
  32   1        while(1)
  33   1        {
  34   2          for(b=0;b<5;b++)
  35   2          {
  36   3            P2 = cmmd[b];
  37   3            cmm();
  38   3          }
  39   2          for(a=0;a<4;a++)
  40   2          {
  41   3            P2 = data1[a];
  42   3            dat();
  43   3          }
  44   2        }
  45   1      }


MODULE INFORMATION:   STATIC OVERLAYABLE
   CODE SIZE        =    127    ----
   CONSTANT SIZE    =   ----    ----
   XDATA SIZE       =   ----    ----
   PDATA SIZE       =   ----    ----
   DATA SIZE        =     15       4
   IDATA SIZE       =   ----    ----
C51 COMPILER V9.54   LCD_CTTC                                                              08/18/2022 15:34:35 PAGE 2   

   BIT SIZE         =   ----    ----
END OF MODULE INFORMATION.


C51 COMPILATION COMPLETE.  0 WARNING(S),  0 ERROR(S)
