C51 COMPILER V9.54   LCD_KEYPAD_PROJECT_6                                                  08/22/2022 16:11:34 PAGE 1   


C51 COMPILER V9.54, COMPILATION OF MODULE LCD_KEYPAD_PROJECT_6
OBJECT MODULE PLACED IN .\Objects\LCD_Keypad_Project-6.obj
COMPILER INVOKED BY: C:\Keil_v5\C51\BIN\C51.EXE LCD_Keypad_Project-6.c OPTIMIZE(8,SPEED) BROWSE DEBUG OBJECTEXTEND PRINT
                    -(.\Listings\LCD_Keypad_Project-6.lst) TABS(2) OBJECT(.\Objects\LCD_Keypad_Project-6.obj)

line level    source

   1          //Miniproject 6:LCD and Keypad interfacing
   2          #include<reg51.h>
   3          //sbit m = P3^5;
   4          sbit rs=P1^1;
   5          sbit rw=P1^2;
   6          sbit en=P1^3;
   7          unsigned int row[]={0xfe,0xfd,0xfb,0xf7};
   8          unsigned int col[]={0xef,0xdf,0xbf,0x7f};
   9          unsigned char key[] = "A987B654C321DE0F";
  10          unsigned int a,b,c,d;
  11          unsigned int cmmd[]={0x38,0x0E,0x01,0x06,0x80};
  12          void delay()
  13          {
  14   1        unsigned int x;
  15   1        for(x=0;x<33000;x++);
  16   1      }
  17          void cmm()
  18          {
  19   1        rs = 0;
  20   1        rw = 0;
  21   1        en = 1;
  22   1        delay();
  23   1        en = 0;
  24   1      }
  25          void dat()
  26          {
  27   1        rs = 1;
  28   1        rw = 0;
  29   1        en = 1;
  30   1        delay();
  31   1        en = 0;
  32   1      }
  33          void main()
  34          {
  35   1        for(d=0;d<5;d++)
  36   1          {
  37   2            P3 = cmmd[d];
  38   2            cmm();
  39   2          }
  40   1        while(1)
  41   1        {
  42   2        a =0;
  43   2        P2 = 0xf0;
  44   2        while(P2 == 0xf0);
  45   2        for(b=0;b<4;b++)
  46   2        {
  47   3          P2 = row[b];
  48   3          for(c=0;c<4;c++)
  49   3          {
  50   4            if((P2|0x0f)==col[c])
  51   4            {
  52   5              P3 = key[a];
  53   5              dat();
  54   5            }
C51 COMPILER V9.54   LCD_KEYPAD_PROJECT_6                                                  08/22/2022 16:11:34 PAGE 2   

  55   4            else
  56   4              a=a+1;
  57   4          }
  58   3        }
  59   2        
  60   2      }
  61   1        }


MODULE INFORMATION:   STATIC OVERLAYABLE
   CODE SIZE        =    203    ----
   CONSTANT SIZE    =   ----    ----
   XDATA SIZE       =   ----    ----
   PDATA SIZE       =   ----    ----
   DATA SIZE        =     51    ----
   IDATA SIZE       =   ----    ----
   BIT SIZE         =   ----    ----
END OF MODULE INFORMATION.


C51 COMPILATION COMPLETE.  0 WARNING(S),  0 ERROR(S)
