A51 MACRO ASSEMBLER  LOOP45                                                               08/05/2022 11:23:19 PAGE     1


MACRO ASSEMBLER A51 V8.02c
OBJECT MODULE PLACED IN .\Objects\Loop45.obj
ASSEMBLER INVOKED BY: C:\Keil_v5\C51\BIN\A51.EXE Loop45.ASM SET(SMALL) DEBUG PRINT(.\Listings\Loop45.lst) OBJECT(.\Objec
                      ts\Loop45.obj) EP

LOC  OBJ            LINE     SOURCE

0000                   1     ORG 00H
0000 7445              2     mov A,#45H
0002 7820              3     mov R0,#20H
0004 7A06              4     mov R2,#6
0006 F6                5     l1:mov @R0,A
0007 08                6         INC R0
0008 DAFC              7             DJNZ R2,l1
000A 00                8     NOP
                       9     END
A51 MACRO ASSEMBLER  LOOP45                                                               08/05/2022 11:23:19 PAGE     2

SYMBOL TABLE LISTING
------ ----- -------


N A M E             T Y P E  V A L U E   ATTRIBUTES

L1 . . . . . . . .  C ADDR   0006H   A   


REGISTER BANK(S) USED: 0 


ASSEMBLY COMPLETE.  0 WARNING(S), 0 ERROR(S)
