C51 COMPILER V9.54   M1ANDM2                                                               08/12/2022 10:48:43 PAGE 1   


C51 COMPILER V9.54, COMPILATION OF MODULE M1ANDM2
OBJECT MODULE PLACED IN .\Objects\M1andM2.obj
COMPILER INVOKED BY: C:\Keil_v5\C51\BIN\C51.EXE M1andM2.c OPTIMIZE(8,SPEED) BROWSE DEBUG OBJECTEXTEND PRINT(.\Listings\M
                    -1andM2.lst) TABS(2) OBJECT(.\Objects\M1andM2.obj)

line level    source

   1          //In P3.7 crate the given Waveform 150ms using T0M2 and 30ms using T1M1.
   2          #include<reg51.h>
   3          sbit a = P3^7;
   4          unsigned int x;
   5          void delay1()
   6          {
   7   1        for(x = 0; x < 540 ;x++)
   8   1        {
   9   2          TMOD = 0x02;
  10   2          TH0 = 0x00;
  11   2          TR0 = 1;
  12   2          while(TF0 == 0);
  13   2          TF0 = 0;
  14   2          TR0 = 0;
  15   2        }
  16   1      }
  17          void delay2()
  18          {
  19   1        TMOD = 0x10;
  20   1        TH1 = 0x93;
  21   1        TL1 = 0xFF;
  22   1        TR1 = 1;
  23   1        while(TF1 == 0);
  24   1        TF1 = 0;
  25   1        TR1 = 0;
  26   1      }
  27          int y ;
  28          void main()
  29          {
  30   1        while(1)
  31   1        {
  32   2          a = 1;
  33   2          delay1();
  34   2          a = 0;
  35   2          delay1();
  36   2          for(y =0;y <3;y++)
  37   2          {
  38   3            a = 1;
  39   3            delay2();
  40   3            a = 0;
  41   3            delay2();
  42   3          }
  43   2        }
  44   1      }


MODULE INFORMATION:   STATIC OVERLAYABLE
   CODE SIZE        =    102    ----
   CONSTANT SIZE    =   ----    ----
   XDATA SIZE       =   ----    ----
   PDATA SIZE       =   ----    ----
   DATA SIZE        =      4    ----
   IDATA SIZE       =   ----    ----
   BIT SIZE         =   ----    ----
C51 COMPILER V9.54   M1ANDM2                                                               08/12/2022 10:48:43 PAGE 2   

END OF MODULE INFORMATION.


C51 COMPILATION COMPLETE.  0 WARNING(S),  0 ERROR(S)
