C51 COMPILER V9.54   MINI_PROJECT_1                                                        08/08/2022 11:55:18 PAGE 1   


C51 COMPILER V9.54, COMPILATION OF MODULE MINI_PROJECT_1
OBJECT MODULE PLACED IN .\Objects\Mini_Project-1.obj
COMPILER INVOKED BY: C:\Keil_v5\C51\BIN\C51.EXE Mini_Project-1.c OPTIMIZE(8,SPEED) BROWSE DEBUG OBJECTEXTEND PRINT(.\Lis
                    -tings\Mini_Project-1.lst) TABS(2) OBJECT(.\Objects\Mini_Project-1.obj)

line level    source

   1          //Mini Project: Visitor Counter
   2          #include <reg51.h>
   3          void delay()
   4           {
   5   1        unsigned int x;
   6   1        for(x = 0;x<35000; x++);
   7   1      }
   8          sbit a = P2^3;
   9          sbit b = P2^4;
  10          void main()
  11          {
  12   1        delay();
  13   1        if(a == 1)
  14   1        {
  15   2        P1 ++;
  16   2        }
  17   1        else if (b == 1)
  18   1        {
  19   2        P1--;
  20   2        }
  21   1      }


MODULE INFORMATION:   STATIC OVERLAYABLE
   CODE SIZE        =     41    ----
   CONSTANT SIZE    =   ----    ----
   XDATA SIZE       =   ----    ----
   PDATA SIZE       =   ----    ----
   DATA SIZE        =   ----    ----
   IDATA SIZE       =   ----    ----
   BIT SIZE         =   ----    ----
END OF MODULE INFORMATION.


C51 COMPILATION COMPLETE.  0 WARNING(S),  0 ERROR(S)
