C51 COMPILER V9.54   MINI_PROJECT_2                                                        08/09/2022 10:36:22 PAGE 1   


C51 COMPILER V9.54, COMPILATION OF MODULE MINI_PROJECT_2
OBJECT MODULE PLACED IN .\Objects\Mini_Project-2.obj
COMPILER INVOKED BY: C:\Keil_v5\C51\BIN\C51.EXE Mini_Project-2.c OPTIMIZE(8,SPEED) BROWSE DEBUG OBJECTEXTEND PRINT(.\Lis
                    -tings\Mini_Project-2.lst) TABS(2) OBJECT(.\Objects\Mini_Project-2.obj)

line level    source

   1          //Mini Project -2:Automatic voting machine
   2          #include<reg51.h>
   3          sbit a = P1^0;
   4          sbit b = P1^1;
   5          sbit c = P1^2;
   6          sbit result = P1^3;
   7          sbit d = P1^4;
   8          sbit e = P1^5;
   9          sbit f = P1^6;
  10          
  11          void delay()
  12           {
  13   1        unsigned int x;
  14   1        for(x = 0;x<35000; x++);
  15   1      }
  16          
  17          void main()
  18          {
  19   1        if (a == 0)
  20   1        {
  21   2          P0++;
  22   2          delay();
  23   2        }
  24   1        else if(b == 0)
  25   1        {
  26   2          P2++;
  27   2          delay();
  28   2        }
  29   1        else if(c == 0)
  30   1        {
  31   2          P3++;
  32   2          delay();
  33   2        } 
  34   1        else if(result == 0)
  35   1        {
  36   2          if(P0 > P2 && P0 > P3)
  37   2          {
  38   3            d = 0;
  39   3            delay ();
  40   3            d = 1;
  41   3          }
  42   2          else if(P2 > P0 && P2 > P3)
  43   2          {
  44   3           e = 0;
  45   3            delay();
  46   3            e = 1;
  47   3          }
  48   2          else
  49   2          {
  50   3          f = 0;
  51   3            delay();
  52   3            f = 1;
  53   3          }
  54   2          delay();
C51 COMPILER V9.54   MINI_PROJECT_2                                                        08/09/2022 10:36:22 PAGE 2   

  55   2        }
  56   1      }


MODULE INFORMATION:   STATIC OVERLAYABLE
   CODE SIZE        =    107    ----
   CONSTANT SIZE    =   ----    ----
   XDATA SIZE       =   ----    ----
   PDATA SIZE       =   ----    ----
   DATA SIZE        =   ----    ----
   IDATA SIZE       =   ----    ----
   BIT SIZE         =   ----    ----
END OF MODULE INFORMATION.


C51 COMPILATION COMPLETE.  0 WARNING(S),  0 ERROR(S)
