C51 COMPILER V9.54   MOTOR_OFF_ON_2                                                        08/16/2022 11:27:46 PAGE 1   


C51 COMPILER V9.54, COMPILATION OF MODULE MOTOR_OFF_ON_2
OBJECT MODULE PLACED IN .\Objects\Motor_Off_On_2.obj
COMPILER INVOKED BY: C:\Keil_v5\C51\BIN\C51.EXE Motor_Off_On_2.c OPTIMIZE(8,SPEED) BROWSE DEBUG OBJECTEXTEND PRINT(.\Lis
                    -tings\Motor_Off_On_2.lst) TABS(2) OBJECT(.\Objects\Motor_Off_On_2.obj)

line level    source

   1          //  Rotate a motor 5sec clockwise, 2sec anticlockwise and 3sec off.
   2          #include<reg51.h>
   3          sbit a = P3^0;
   4          sbit b = P3^1;
   5          unsigned int i;
   6          unsigned int x;
   7          unsigned int y;
   8          unsigned int z;
   9          void delay()
  10          {
  11   1        for(i = 0;i < 3600;i++)
  12   1        {
  13   2          TMOD = 0x02;
  14   2          TH0 = 0x00;
  15   2          TR0 = 1;
  16   2          while(TF0 == 0);
  17   2          TF0 = 0;
  18   2          TR0 = 0;
  19   2        }
  20   1      }
  21          void main()
  22          {
  23   1        a = 0;
  24   1        b = 1;
  25   1        for(x = 0;x < 5;x++)
  26   1        {
  27   2          delay();
  28   2        }
  29   1        a = 1;
  30   1        b = 0;
  31   1        for(y = 0;y < 2;y++)
  32   1        {
  33   2          delay();
  34   2        }
  35   1         a = 1;
  36   1         b = 1;
  37   1         for(z = 0;z < 3;z++)
  38   1        {
  39   2          delay();
  40   2        }
  41   1      }


MODULE INFORMATION:   STATIC OVERLAYABLE
   CODE SIZE        =    125    ----
   CONSTANT SIZE    =   ----    ----
   XDATA SIZE       =   ----    ----
   PDATA SIZE       =   ----    ----
   DATA SIZE        =      8    ----
   IDATA SIZE       =   ----    ----
   BIT SIZE         =   ----    ----
END OF MODULE INFORMATION.


C51 COMPILATION COMPLETE.  0 WARNING(S),  0 ERROR(S)
