C51 COMPILER V9.54   MOTOR_CLOCK_ANTI                                                      08/13/2022 13:03:12 PAGE 1   


C51 COMPILER V9.54, COMPILATION OF MODULE MOTOR_CLOCK_ANTI
OBJECT MODULE PLACED IN .\Objects\Motor_Clock_Anti.obj
COMPILER INVOKED BY: C:\Keil_v5\C51\BIN\C51.EXE Motor_Clock_Anti.c OPTIMIZE(8,SPEED) BROWSE DEBUG OBJECTEXTEND PRINT(.\L
                    -istings\Motor_Clock_Anti.lst) TABS(2) OBJECT(.\Objects\Motor_Clock_Anti.obj)

line level    source

   1          //Monitor P1.5 ,if 1 rotate a motor clockwise .if 0,rotate a motor anticlock wise.
   2          #include<reg51.h>
   3          sbit a = P1^5;
   4          sbit b = P3^0;
   5          sbit c = P3^1;
   6          void main()
   7          { 
   8   1        while(1)
   9   1        {
  10   2          if (a == 1)
  11   2          {
  12   3             b = 0;
  13   3             c = 1;
  14   3          }
  15   2          else
  16   2          {
  17   3            b = 1;
  18   3            c = 0;
  19   3          }
  20   2        }
  21   1      }


MODULE INFORMATION:   STATIC OVERLAYABLE
   CODE SIZE        =     15    ----
   CONSTANT SIZE    =   ----    ----
   XDATA SIZE       =   ----    ----
   PDATA SIZE       =   ----    ----
   DATA SIZE        =   ----    ----
   IDATA SIZE       =   ----    ----
   BIT SIZE         =   ----    ----
END OF MODULE INFORMATION.


C51 COMPILATION COMPLETE.  0 WARNING(S),  0 ERROR(S)
