C51 COMPILER V9.54   RECIEVER                                                              08/17/2022 10:29:14 PAGE 1   


C51 COMPILER V9.54, COMPILATION OF MODULE RECIEVER
OBJECT MODULE PLACED IN .\Objects\Reciever.obj
COMPILER INVOKED BY: C:\Keil_v5\C51\BIN\C51.EXE Reciever.c OPTIMIZE(8,SPEED) BROWSE DEBUG OBJECTEXTEND PRINT(.\Listings\
                    -Reciever.lst) TABS(2) OBJECT(.\Objects\Reciever.obj)

line level    source

   1          //Reciever 
   2          #include<reg51.h>
   3          void main()
   4          {
   5   1        SCON = 0x50;
   6   1        TMOD = 0x20;
   7   1        TH1 = 0xFD;
   8   1        TR1 = 1;
   9   1        while(1)
  10   1        {
  11   2          while(RI == 0);
  12   2          P1 = SBUF;
  13   2          RI = 0;
  14   2        }
  15   1      }


MODULE INFORMATION:   STATIC OVERLAYABLE
   CODE SIZE        =     21    ----
   CONSTANT SIZE    =   ----    ----
   XDATA SIZE       =   ----    ----
   PDATA SIZE       =   ----    ----
   DATA SIZE        =   ----    ----
   IDATA SIZE       =   ----    ----
   BIT SIZE         =   ----    ----
END OF MODULE INFORMATION.


C51 COMPILATION COMPLETE.  0 WARNING(S),  0 ERROR(S)
