C51 COMPILER V9.54   RELAY_2                                                               08/16/2022 12:52:24 PAGE 1   


C51 COMPILER V9.54, COMPILATION OF MODULE RELAY_2
OBJECT MODULE PLACED IN .\Objects\Relay_2.obj
COMPILER INVOKED BY: C:\Keil_v5\C51\BIN\C51.EXE Relay_2.c OPTIMIZE(8,SPEED) BROWSE DEBUG OBJECTEXTEND PRINT(.\Listings\R
                    -elay_2.lst) TABS(2) OBJECT(.\Objects\Relay_2.obj)

line level    source

   1          //Actuate a relay 5sec NO and 2 sec NC
   2          #include<reg51.h>
   3          sbit b = P3^0;
   4          unsigned int x,i,j;
   5          void delay()
   6          {
   7   1        for(x= 0;x<14;x++)
   8   1        {
   9   2        TMOD = 0x01;
  10   2        TH0 = 0;
  11   2        TL0 = 0;
  12   2        TR0 = 1;
  13   2        while(TF0 == 0);
  14   2        TF0 = 0;
  15   2        TR0 = 0;
  16   2        }
  17   1      }
  18          void main()
  19          {
  20   1        while(1)
  21   1        {
  22   2            b = 0;
  23   2            for(i = 0;i<2;i++)
  24   2            {
  25   3              delay();
  26   3            }
  27   2            b = 1;
  28   2            for(j = 0;j<5;j++)
  29   2            {
  30   3              delay();
  31   3            }
  32   2          }
  33   1      }


MODULE INFORMATION:   STATIC OVERLAYABLE
   CODE SIZE        =     95    ----
   CONSTANT SIZE    =   ----    ----
   XDATA SIZE       =   ----    ----
   PDATA SIZE       =   ----    ----
   DATA SIZE        =      6    ----
   IDATA SIZE       =   ----    ----
   BIT SIZE         =   ----    ----
END OF MODULE INFORMATION.


C51 COMPILATION COMPLETE.  0 WARNING(S),  0 ERROR(S)
