C51 COMPILER V9.54   RELAY_1                                                               08/16/2022 12:42:57 PAGE 1   


C51 COMPILER V9.54, COMPILATION OF MODULE RELAY_1
OBJECT MODULE PLACED IN .\Objects\Relay_1.obj
COMPILER INVOKED BY: C:\Keil_v5\C51\BIN\C51.EXE Relay_1.c OPTIMIZE(8,SPEED) BROWSE DEBUG OBJECTEXTEND PRINT(.\Listings\R
                    -elay_1.lst) TABS(2) OBJECT(.\Objects\Relay_1.obj)

line level    source

   1          //Turn on the TWO 12V lapm one at a time with some delay using a 5V relay.
   2          #include<reg51.h>
   3          sbit a = P1^5;
   4          sbit b = P3^0;
   5          unsigned int x;
   6          void delay()
   7          {
   8   1        for(x= 0;x<28;x++)
   9   1        {
  10   2        TMOD = 0x01;
  11   2        TH0 = 0;
  12   2        TL0 = 0;
  13   2        TR0 = 1;
  14   2        while(TF0 == 0);
  15   2        TF0 = 0;
  16   2        TR0 = 0;
  17   2        }
  18   1      }
  19          void main()
  20          {
  21   1        while(1)
  22   1        {
  23   2            b = 0;
  24   2            delay();
  25   2            b = 1;
  26   2            delay();
  27   2          }
  28   1      }


MODULE INFORMATION:   STATIC OVERLAYABLE
   CODE SIZE        =     49    ----
   CONSTANT SIZE    =   ----    ----
   XDATA SIZE       =   ----    ----
   PDATA SIZE       =   ----    ----
   DATA SIZE        =      2    ----
   IDATA SIZE       =   ----    ----
   BIT SIZE         =   ----    ----
END OF MODULE INFORMATION.


C51 COMPILATION COMPLETE.  0 WARNING(S),  0 ERROR(S)
