C51 COMPILER V9.54   TRANSMITTER                                                           08/17/2022 10:13:22 PAGE 1   


C51 COMPILER V9.54, COMPILATION OF MODULE TRANSMITTER
OBJECT MODULE PLACED IN .\Objects\Transmitter.obj
COMPILER INVOKED BY: C:\Keil_v5\C51\BIN\C51.EXE Transmitter.c OPTIMIZE(8,SPEED) BROWSE DEBUG OBJECTEXTEND PRINT(.\Listin
                    -gs\Transmitter.lst) TABS(2) OBJECT(.\Objects\Transmitter.obj)

line level    source

   1          //Transmitter OR Toggle A
   2          #include<reg51.h>
   3          void main()
   4          { 
   5   1        SCON = 0x50;
   6   1        TMOD = 0X20;
   7   1        TH1 = 0XFD;
   8   1        TR1 = 1;
   9   1        while(1)
  10   1        {
  11   2          SBUF = 'A';
  12   2          while(TI == 0);
  13   2          TI = 0;
  14   2        }
  15   1      }


MODULE INFORMATION:   STATIC OVERLAYABLE
   CODE SIZE        =     21    ----
   CONSTANT SIZE    =   ----    ----
   XDATA SIZE       =   ----    ----
   PDATA SIZE       =   ----    ----
   DATA SIZE        =   ----    ----
   IDATA SIZE       =   ----    ----
   BIT SIZE         =   ----    ----
END OF MODULE INFORMATION.


C51 COMPILATION COMPLETE.  0 WARNING(S),  0 ERROR(S)
